<?xml version="1.0" encoding="UTF-8"?>
<!-- Generated by org.testng.reporters.JUnitReportReporter -->
<testsuite hostname="GSK-PC" failures="0" tests="1" name="testng.Demo" time="0.028" errors="0" timestamp="2022-08-09T09:29:26 IST" skipped="0">
  <testcase classname="testng.Demo" name="createCustomer" time="0.028"/>
  <system-out>
createCustomer  </system-out>
</testsuite> <!-- testng.Demo -->
