<?xml version="1.0" encoding="UTF-8"?>
<!-- Generated by org.testng.reporters.JUnitReportReporter -->
<testsuite hostname="GSK-PC" failures="0" tests="1" name="datadriven.Test0" time="5.317" errors="0" timestamp="2022-08-08T08:45:05 IST" skipped="0">
  <testcase classname="datadriven.Test0" name="demo" time="5.317"/>
  <system-out/>
</testsuite> <!-- datadriven.Test0 -->
