<?xml version="1.0" encoding="UTF-8"?>
<!-- Generated by org.testng.reporters.JUnitReportReporter -->
<testsuite hostname="GSK-PC" failures="0" tests="1" name="javascriptexec.Test1" time="12.497" errors="0" timestamp="2022-08-03T08:34:55 IST" skipped="0">
  <testcase classname="javascriptexec.Test1" name="demo" time="12.497"/>
  <system-out/>
</testsuite> <!-- javascriptexec.Test1 -->
