<?xml version="1.0" encoding="UTF-8"?>
<!-- Generated by org.testng.reporters.JUnitReportReporter -->
<testsuite hostname="User" failures="0" tests="1" name="datadriven.Test1" time="34.187" errors="0" timestamp="2022-08-21T18:49:23 IST" skipped="0">
  <testcase classname="datadriven.Test1" name="tc2" time="34.187"/>
  <system-out/>
</testsuite> <!-- datadriven.Test1 -->
