<?xml version="1.0" encoding="UTF-8"?>
<!-- Generated by org.testng.reporters.JUnitReportReporter -->
<testsuite hostname="GSK-PC" failures="0" tests="1" name="actions.Test1" time="11.940" errors="0" timestamp="2022-08-04T08:57:58 IST" skipped="0">
  <testcase classname="actions.Test1" name="demo" time="11.940"/>
  <system-out/>
</testsuite> <!-- actions.Test1 -->
