<?xml version="1.0" encoding="UTF-8"?>
<!-- Generated by org.testng.reporters.JUnitReportReporter -->
<testsuite hostname="GSK-PC" failures="0" tests="1" name="actions.Test0" time="14.615" errors="0" timestamp="2022-08-04T08:31:50 IST" skipped="0">
  <testcase classname="actions.Test0" name="demo" time="14.615"/>
  <system-out/>
</testsuite> <!-- actions.Test0 -->
