<?xml version="1.0" encoding="UTF-8"?>
<!-- Generated by org.testng.reporters.JUnitReportReporter -->
<testsuite hostname="GSK-PC" failures="0" tests="1" name="javascriptexec.Test2" time="2.951" errors="0" timestamp="2022-08-03T08:56:10 IST" skipped="0">
  <testcase classname="javascriptexec.Test2" name="demo" time="2.951"/>
  <system-out/>
</testsuite> <!-- javascriptexec.Test2 -->
