<?xml version="1.0" encoding="UTF-8"?>
<!-- Generated by org.testng.reporters.JUnitReportReporter -->
<testsuite hostname="GSK-PC" failures="0" tests="1" name="chromeoption.Test0" time="11.172" errors="0" timestamp="2022-08-03T09:23:41 IST" skipped="0">
  <testcase classname="chromeoption.Test0" name="demo" time="11.172"/>
  <system-out/>
</testsuite> <!-- chromeoption.Test0 -->
