<?xml version="1.0" encoding="UTF-8"?>
<!-- Generated by org.testng.reporters.JUnitReportReporter -->
<testsuite hostname="GSK-PC" failures="0" tests="3" name="testng.matrix" time="17.987" errors="0" timestamp="2022-08-10T08:12:13 IST" skipped="0">
  <testcase classname="testng.matrix" name="tcl" time="8.021"/>
  <system-out/>
  <testcase classname="testng.matrix" name="tcl" time="4.636"/>
  <system-out/>
  <testcase classname="testng.matrix" name="tcl" time="5.330"/>
  <system-out/>
</testsuite> <!-- testng.matrix -->
