<?xml version="1.0" encoding="UTF-8"?>
<!-- Generated by org.testng.reporters.JUnitReportReporter -->
<testsuite hostname="GSK-PC" failures="0" tests="1" name="chromeoption.Test1" time="11.591" errors="0" timestamp="2022-08-03T09:31:27 IST" skipped="0">
  <testcase classname="chromeoption.Test1" name="demo" time="11.591"/>
  <system-out/>
</testsuite> <!-- chromeoption.Test1 -->
