<?xml version="1.0" encoding="UTF-8"?>
<!-- Generated by org.testng.reporters.JUnitReportReporter -->
<testsuite hostname="GSK-PC" failures="0" tests="1" name="testng.Test3" time="9.953" errors="0" timestamp="2022-08-09T08:27:58 IST" skipped="0">
  <testcase classname="testng.Test3" name="demo" time="9.953"/>
  <system-out/>
</testsuite> <!-- testng.Test3 -->
