<?xml version="1.0" encoding="UTF-8"?>
<!-- Generated by org.testng.reporters.JUnitReportReporter -->
<testsuite hostname="GSK-PC" failures="0" tests="1" name="Synchronization.Test2" time="19.376" errors="0" timestamp="2022-08-01T08:27:45 IST" skipped="0">
  <testcase classname="Synchronization.Test2" name="demo" time="19.376"/>
  <system-out/>
</testsuite> <!-- Synchronization.Test2 -->
